Prog: AZCOM (Ver. 1.1) Log File
Code: J.M. Horrell (C) UCT Radar Remote Sensing Group 1999

MESSAGES:
Input file                     : /home/tlotliso/Documents/FERS/FERS_tutorials/out/100m_30ms.rng
Output file                    : /home/tlotliso/Documents/FERS/FERS_tutorials/out/100m_30ms.azi
Appending output file          : N
Nominal azimuth resolution     : 3.134 m
Num looks                      : 1
Look overlap fraction          : 0.000
Doppler bandwidth processed    : 9.571 Hz
Master ref func (time domain)  : 1523 pts (far swath)
FFT size                       : 4096 pts
Look size in freq domain       : 31 pts
Input azimuth samples          : 1250
Output azimuth samples         : 1250
Input azimuth sample spacing   : 0.0240 m
Output azimuth sample spacing  : 0.0240 m
Range samples to process       : 2047 from 2047 (samples 0 - 2046)
Processed near slant range     : 0.000 m
Processed far slant range      : 1872.785 m
Range bins per focus segment   : 1
Range curv at mid / far swath  : 0.05 / 0.10 bins
Range curvature correction     : 16 pt interpolation
Detection method               : none (complex output)
Input data type                : float (4 bytes I, 4 bytes Q)
Output data type               : float (+-3.4x10^(+-28))
DC offset for output           : 0
Multiplicative scale factor    : 1.0000e+00
Range curv array allocated     : 4751360 bytes (64 rng bin(s))
Extra zeros used at far rng    : 10 (by rng curv correction)
Max value after processing     : -6.851852e-05 (no DC offset)
Max at output az / rng pixel   : 971 / 1779

AZ COMPRESSION DONE - in 1 secs (0.02 min)
